<?xml version="1.0" encoding="UTF-8"?>
<!-- Generated by org.testng.reporters.JUnitReportReporter -->
<testsuite hostname="Mohammad-Kamran" failures="0" tests="5" name="offercart.CartServiceOfferTest" time="2.360" errors="0" timestamp="2025-01-02T02:23:21 IST" skipped="0">
  <testcase classname="offercart.CartServiceOfferTest" name="when_FlatX_Percent_Off_Applied" time="0.078"/>
  <testcase classname="offercart.CartServiceOfferTest" name="when_passed_Missing_UserSegment" time="0.039"/>
  <testcase classname="offercart.CartServiceOfferTest" name="when_FlatX_Amount_Off_Applied" time="2.138"/>
  <testcase classname="offercart.CartServiceOfferTest" name="when_passed_Invalid_UserSegment" time="0.044"/>
  <testcase classname="offercart.CartServiceOfferTest" name="when_No_ApplicableOffer_Applied" time="0.061"/>
</testsuite> <!-- offercart.CartServiceOfferTest -->
