<?xml version="1.0" encoding="UTF-8"?>
<!-- Generated by org.testng.reporters.JUnitReportReporter -->
<testsuite hostname="Mohammad-Kamran" failures="0" tests="1" name="offercart.CartServiceOfferTest" time="1.805" errors="0" timestamp="2025-01-02T03:18:10 IST" skipped="0">
  <testcase classname="offercart.CartServiceOfferTest" name="when_passed_invalid_resturant" time="1.805"/>
</testsuite> <!-- offercart.CartServiceOfferTest -->
