<?xml version="1.0" encoding="UTF-8"?>
<!-- Generated by org.testng.reporters.JUnitReportReporter -->
<testsuite hostname="Mohammad-Kamran" failures="0" tests="1" name="offercart.CartServiceOfferTest" time="2.055" errors="0" timestamp="2025-01-02T14:00:05 IST" skipped="0">
  <testcase classname="offercart.CartServiceOfferTest" name="when_passed_invalid_resturant" time="2.055"/>
</testsuite> <!-- offercart.CartServiceOfferTest -->
